<?xml version="1.0" encoding="UTF-8"?>
<testsuite xmlns:xsi="http://www.w3.org/2001/XMLSchema-instance" xsi:noNamespaceSchemaLocation="https://maven.apache.org/surefire/maven-surefire-plugin/xsd/surefire-test-report-3.0.xsd" version="3.0" name="healthyrecipeapp.RecipeTest" time="0.294" tests="15" errors="0" skipped="0" failures="0">
  <properties>
[...]
</properties>
  <testcase name="testAddAndGetFromRepo" classname="healthyrecipeapp.RecipeTest" time="0.102"/>
  <testcase name="testNegativeCaloriesThrows" classname="healthyrecipeapp.RecipeTest" time="0.008"/>
  <testcase name="testZeroCaloriesThrows" classname="healthyrecipeapp.RecipeTest" time="0.004"/>
  <testcase name="testIsNotVegetarian" classname="healthyrecipeapp.RecipeTest" time="0.004"/>
  <testcase name="testProteinToCalorieRatio" classname="healthyrecipeapp.RecipeTest" time="0.008"/>
  <testcase name="testDuplicateRecipeThrows" classname="healthyrecipeapp.RecipeTest" time="0.004"/>
  <testcase name="testRemoveRecipe" classname="healthyrecipeapp.RecipeTest" time="0.006"/>
  <testcase name="testEmptyNameThrows" classname="healthyrecipeapp.RecipeTest" time="0.003"/>
  <testcase name="testNullNameThrows" classname="healthyrecipeapp.RecipeTest" time="0.011"/>
  <testcase name="testSearchByIngredient" classname="healthyrecipeapp.RecipeTest" time="0.004"/>
  <testcase name="testContainsIngredient" classname="healthyrecipeapp.RecipeTest" time="0.002"/>
  <testcase name="testNegativeProteinThrows" classname="healthyrecipeapp.RecipeTest" time="0.002"/>
  <testcase name="testIsVegetarian" classname="healthyrecipeapp.RecipeTest" time="0.004"/>
  <testcase name="testGetVegetarianRecipes" classname="healthyrecipeapp.RecipeTest" time="0.002"/>
  <testcase name="testValidRecipe" classname="healthyrecipeapp.RecipeTest" time="0.002"/>
</testsuite>